<?xml version="1.0" encoding="UTF-8"?>
<!-- Generated by org.testng.reporters.JUnitReportReporter -->
<testsuite skipped="0" hostname="css02-Latitude-E6440" name="com.qa.test.DemoTC" tests="1" failures="0" timestamp="23 Oct 2018 06:45:37 GMT" time="11.468" errors="0">
  <testcase name="DemoMethod" time="11.468" classname="com.qa.test.DemoTC"/>
</testsuite> <!-- com.qa.test.DemoTC -->
